<?xml version="1.0" encoding="UTF-8"?>
<!-- Generated by org.testng.reporters.JUnitXMLReporter -->
<testsuite ignored="2" hostname="Sonali41" failures="0" tests="1" name="Test(failed)(failed)(failed)" time="0.112" errors="0" timestamp="2023-05-23T09:45:07 IST">
  <testcase classname="testNG2.DemoTest2" name="i" time="0.016"/>
  <testcase classname="testNG2.DemoTest2" name="h" time="0.0">
    <ignored/>
  </testcase> <!-- h -->
  <testcase classname="testNG2.DemoTest2" name="g" time="0.0">
    <ignored/>
  </testcase> <!-- g -->
</testsuite> <!-- Test(failed)(failed)(failed) -->
