<?xml version="1.0" encoding="UTF-8"?>
<testng-results ignored="0" total="1" passed="1" failed="0" skipped="0">
  <reporter-output>
    <line>
      <![CDATA[Test Started!]]>
    </line>
    <line>
      <![CDATA[Browser Opened and Test Will Start!]]>
    </line>
    <line>
      <![CDATA[Test Executed Successfully!]]>
    </line>
  </reporter-output>
  <suite started-at="2023-06-02T07:36:28 IST" name="Default suite" finished-at="2023-06-02T07:37:05 IST" duration-ms="37468">
    <groups>
    </groups>
    <test started-at="2023-06-02T07:36:28 IST" name="Default test" finished-at="2023-06-02T07:37:05 IST" duration-ms="37468">
      <class name="testPackage.ValidLoginTestCase">
        <test-method is-config="true" signature="setUp()[pri:0, instance:testPackage.ValidLoginTestCase@29e495ff]" started-at="2023-06-02T07:36:28 IST" name="setUp" finished-at="2023-06-02T07:36:32 IST" duration-ms="3809" status="PASS">
          <reporter-output>
          </reporter-output>
        </test-method> <!-- setUp -->
        <test-method signature="validTestCase()[pri:0, instance:testPackage.ValidLoginTestCase@29e495ff]" started-at="2023-06-02T07:36:32 IST" name="validTestCase" finished-at="2023-06-02T07:37:05 IST" duration-ms="33552" status="PASS">
          <reporter-output>
            <line>
              <![CDATA[Browser Opened and Test Will Start!]]>
            </line>
            <line>
              <![CDATA[Test Executed Successfully!]]>
            </line>
          </reporter-output>
        </test-method> <!-- validTestCase -->
      </class> <!-- testPackage.ValidLoginTestCase -->
    </test> <!-- Default test -->
  </suite> <!-- Default suite -->
</testng-results>
