<?xml version="1.0" encoding="UTF-8"?>
<!-- Generated by org.testng.reporters.JUnitXMLReporter -->
<testsuite ignored="0" hostname="Sonali41" failures="1" tests="1" name="FirefoxTest" time="0.024" errors="0" timestamp="2023-05-25T18:26:25 IST">
  <testcase classname="testNG.SelectBrowser" name="method1" time="0.015">
    <failure type="java.lang.IllegalStateException" message="The driver executable must exist: C:\Users\VOZON\git\Sonali-s-Repository\wcsm8seleniumproject\.\drivers\geckodriver.exe">
      <![CDATA[java.lang.IllegalStateException: The driver executable must exist: C:\Users\VOZON\git\Sonali-s-Repository\wcsm8seleniumproject\.\drivers\geckodriver.exe
at org.openqa.selenium.internal.Require$FileStateChecker.isFile(Require.java:345)
at org.openqa.selenium.remote.service.DriverFinder.getPath(DriverFinder.java:39)
at org.openqa.selenium.firefox.FirefoxDriver.generateExecutor(FirefoxDriver.java:139)
at org.openqa.selenium.firefox.FirefoxDriver.<init>(FirefoxDriver.java:131)
at org.openqa.selenium.firefox.FirefoxDriver.<init>(FirefoxDriver.java:127)
at org.openqa.selenium.firefox.FirefoxDriver.<init>(FirefoxDriver.java:112)
at org.openqa.selenium.firefox.FirefoxDriver.<init>(FirefoxDriver.java:102)
at testNG.SelectBrowser.method1(SelectBrowser.java:31)
at java.base/java.util.ArrayList.forEach(ArrayList.java:1511)
... Removed 27 stack frames]]>
    </failure>
  </testcase> <!-- method1 -->
</testsuite> <!-- FirefoxTest -->
