<?xml version="1.0" encoding="UTF-8"?>
<!-- Generated by org.testng.reporters.JUnitXMLReporter -->
<testsuite ignored="6" hostname="Sonali41" failures="0" tests="12" name="Test" time="0.216" errors="0" timestamp="2023-05-27T09:45:44 IST">
  <testcase classname="testNGflags.DependsOnGroups" name="it1" time="0.015"/>
  <testcase classname="testNGflags.DependsOnGroups" name="it2" time="0.004"/>
  <testcase classname="testNGflags.DependsOnGroups" name="it3" time="0.005"/>
  <testcase classname="testNGflags.DependsOnGroups" name="it4" time="0.006"/>
  <testcase classname="testNGflags.DependsOnGroups" name="it5" time="0.002"/>
  <testcase classname="testNGflags.DependsOnGroups" name="it6" time="0.009"/>
  <testcase classname="testNGflags.DependsOnGroups" name="st1" time="0.005"/>
  <testcase classname="testNGflags.DependsOnGroups" name="st2" time="0.004"/>
  <testcase classname="testNGflags.DependsOnGroups" name="st3" time="0.003"/>
  <testcase classname="testNGflags.DependsOnGroups" name="st4" time="0.006"/>
  <testcase classname="testNGflags.DependsOnGroups" name="st5" time="0.002"/>
  <testcase classname="testNGflags.DependsOnGroups" name="st6" time="0.001"/>
  <testcase classname="testNGflags.DependsOnGroups" name="ft1" time="0.0">
    <ignored/>
  </testcase> <!-- ft1 -->
  <testcase classname="testNGflags.DependsOnGroups" name="ft2" time="0.0">
    <ignored/>
  </testcase> <!-- ft2 -->
  <testcase classname="testNGflags.DependsOnGroups" name="ft5" time="0.0">
    <ignored/>
  </testcase> <!-- ft5 -->
  <testcase classname="testNGflags.DependsOnGroups" name="ft6" time="0.0">
    <ignored/>
  </testcase> <!-- ft6 -->
  <testcase classname="testNGflags.DependsOnGroups" name="ft3" time="0.0">
    <ignored/>
  </testcase> <!-- ft3 -->
  <testcase classname="testNGflags.DependsOnGroups" name="ft4" time="0.0">
    <ignored/>
  </testcase> <!-- ft4 -->
</testsuite> <!-- Test -->
