<?xml version="1.0" encoding="UTF-8"?>
<!-- Generated by org.testng.reporters.JUnitXMLReporter -->
<testsuite ignored="0" hostname="Sonali41" failures="0" tests="9" name="Test" time="0.153" errors="0" timestamp="2023-05-23T09:44:21 IST">
  <testcase classname="testNG2.DemoTest1" name="d" time="0.015"/>
  <testcase classname="testNG2.DemoTest1" name="e" time="0.002"/>
  <testcase classname="testNG2.DemoTest1" name="f" time="0.003"/>
  <testcase classname="testNG2.DemoTest2" name="g" time="0.001"/>
  <testcase classname="testNG2.DemoTest2" name="h" time="0.002"/>
  <testcase classname="testNG2.DemoTest2" name="i" time="0.005"/>
  <testcase classname="testNG2.DemoTest3" name="a" time="0.004"/>
  <testcase classname="testNG2.DemoTest3" name="b" time="0.005"/>
  <testcase classname="testNG2.DemoTest3" name="c" time="0.008"/>
</testsuite> <!-- Test -->
