<?xml version="1.0" encoding="UTF-8"?>
<testng-results ignored="2" total="3" passed="1" failed="0" skipped="0">
  <reporter-output>
    <line>
      <![CDATA[a method from DemoTest3]]>
    </line>
  </reporter-output>
  <suite started-at="2023-05-23T09:45:07 IST" name="Failed suite [Failed suite [Failed suite [Suite]]]" finished-at="2023-05-23T09:45:07 IST" duration-ms="112">
    <groups>
    </groups>
    <test started-at="2023-05-23T09:45:07 IST" name="Test(failed)(failed)(failed)" finished-at="2023-05-23T09:45:07 IST" duration-ms="112">
      <class name="testNG2.DemoTest2">
        <test-method signature="i()[pri:0, instance:testNG2.DemoTest2@34f7cfd9]" started-at="2023-05-23T09:45:07 IST" name="i" finished-at="2023-05-23T09:45:07 IST" duration-ms="16" status="PASS">
          <reporter-output>
            <line>
              <![CDATA[a method from DemoTest3]]>
            </line>
          </reporter-output>
        </test-method> <!-- i -->
      </class> <!-- testNG2.DemoTest2 -->
    </test> <!-- Test(failed)(failed)(failed) -->
  </suite> <!-- Failed suite [Failed suite [Failed suite [Suite]]] -->
</testng-results>
