<?xml version="1.0" encoding="UTF-8"?>
<!-- Generated by org.testng.reporters.JUnitXMLReporter -->
<testsuite ignored="2" hostname="Sonali41" failures="1" tests="1" name="Test(failed)(failed)" time="0.092" errors="0" timestamp="2023-05-23T09:42:35 IST">
  <testcase classname="testNG2.DemoTest2" name="i" time="0.014">
    <failure type="java.lang.ArithmeticException" message="/ by zero">
      <![CDATA[java.lang.ArithmeticException: / by zero
at testNG2.DemoTest2.i(DemoTest2.java:25)
at java.base/java.util.ArrayList.forEach(ArrayList.java:1511)
... Removed 27 stack frames]]>
    </failure>
  </testcase> <!-- i -->
  <testcase classname="testNG2.DemoTest2" name="h" time="0.0">
    <ignored/>
  </testcase> <!-- h -->
  <testcase classname="testNG2.DemoTest2" name="g" time="0.0">
    <ignored/>
  </testcase> <!-- g -->
</testsuite> <!-- Test(failed)(failed) -->
